<?xml version="1.0" encoding="UTF-8"?>
<testng-results ignored="0" total="3" passed="3" failed="0" skipped="0">
  <reporter-output>
  </reporter-output>
  <suite started-at="2025-10-07T07:43:12 IST" name="Default suite" finished-at="2025-10-07T07:43:12 IST" duration-ms="330">
    <groups>
      <group name="cucumber">
        <method signature="AbstractTestNGCucumberTests.runScenario(io.cucumber.testng.PickleWrapper,io.cucumber.testng.FeatureWrapper)[pri:0, instance:cucumbertestrunner.Testrunnerwithtags@31190526]" name="runScenario" class="io.cucumber.testng.AbstractTestNGCucumberTests"/>
      </group> <!-- cucumber -->
    </groups>
    <test started-at="2025-10-07T07:43:12 IST" name="Default test" finished-at="2025-10-07T07:43:12 IST" duration-ms="330">
      <class name="cucumbertestrunner.Testrunnerwithtags">
        <test-method is-config="true" signature="setUpClass(org.testng.ITestContext)[pri:0, instance:cucumbertestrunner.Testrunnerwithtags@31190526]" started-at="2025-10-07T07:43:12 IST" name="setUpClass" finished-at="2025-10-07T07:43:12 IST" duration-ms="245" status="PASS">
          <params>
            <param index="0">
              <value>
                <![CDATA[org.testng.TestRunner@2c5d601e]]>
              </value>
            </param>
          </params>
          <reporter-output>
          </reporter-output>
        </test-method> <!-- setUpClass -->
        <test-method signature="runScenario(io.cucumber.testng.PickleWrapper,io.cucumber.testng.FeatureWrapper)[pri:0, instance:cucumbertestrunner.Testrunnerwithtags@31190526]" started-at="2025-10-07T07:43:12 IST" name="runScenario" description="Runs Cucumber Scenarios" data-provider="scenarios" finished-at="2025-10-07T07:43:12 IST" duration-ms="40" status="PASS">
          <params>
            <param index="0">
              <value>
                <![CDATA["Scenario 1 from test1 feature"]]>
              </value>
            </param>
            <param index="1">
              <value>
                <![CDATA["This is test1 feature"]]>
              </value>
            </param>
          </params>
          <reporter-output>
          </reporter-output>
        </test-method> <!-- runScenario -->
        <test-method signature="runScenario(io.cucumber.testng.PickleWrapper,io.cucumber.testng.FeatureWrapper)[pri:0, instance:cucumbertestrunner.Testrunnerwithtags@31190526]" started-at="2025-10-07T07:43:12 IST" name="runScenario" description="Runs Cucumber Scenarios" data-provider="scenarios" finished-at="2025-10-07T07:43:12 IST" duration-ms="2" status="PASS">
          <params>
            <param index="0">
              <value>
                <![CDATA["Scenario 2 from test2 feature"]]>
              </value>
            </param>
            <param index="1">
              <value>
                <![CDATA["This is test2 feature"]]>
              </value>
            </param>
          </params>
          <reporter-output>
          </reporter-output>
        </test-method> <!-- runScenario -->
        <test-method signature="runScenario(io.cucumber.testng.PickleWrapper,io.cucumber.testng.FeatureWrapper)[pri:0, instance:cucumbertestrunner.Testrunnerwithtags@31190526]" started-at="2025-10-07T07:43:12 IST" name="runScenario" description="Runs Cucumber Scenarios" data-provider="scenarios" finished-at="2025-10-07T07:43:12 IST" duration-ms="1" status="PASS">
          <params>
            <param index="0">
              <value>
                <![CDATA["Scenario 3 from test3 feature"]]>
              </value>
            </param>
            <param index="1">
              <value>
                <![CDATA["This is test3 feature"]]>
              </value>
            </param>
          </params>
          <reporter-output>
          </reporter-output>
        </test-method> <!-- runScenario -->
        <test-method is-config="true" signature="tearDownClass()[pri:0, instance:cucumbertestrunner.Testrunnerwithtags@31190526]" started-at="2025-10-07T07:43:12 IST" name="tearDownClass" finished-at="2025-10-07T07:43:12 IST" duration-ms="15" status="PASS">
          <reporter-output>
          </reporter-output>
        </test-method> <!-- tearDownClass -->
      </class> <!-- cucumbertestrunner.Testrunnerwithtags -->
    </test> <!-- Default test -->
  </suite> <!-- Default suite -->
</testng-results>
